2024-01-30T12:12:15.131+05:30  WARN 3188 --- [HikariPool-1 housekeeper] com.zaxxer.hikari.pool.HikariPool        : HikariPool-1 - Thread starvation or clock leap detected (housekeeper delta=13h8m52s304ms491µs700ns).
2024-01-30T12:30:40.436+05:30  INFO 6572 --- [restartedMain] c.b.e.EmployeePayrollAppApplication      : Starting EmployeePayrollAppApplication using Java 17.0.9 with PID 6572 (C:\Users\Admin\IdeaProjects\EmployeePayrollApp\target\classes started by Admin in C:\Users\Admin\IdeaProjects\EmployeePayrollApp)
2024-01-30T12:30:40.442+05:30 DEBUG 6572 --- [restartedMain] c.b.e.EmployeePayrollAppApplication      : Running with Spring Boot v3.2.2, Spring v6.1.3
2024-01-30T12:30:40.445+05:30  INFO 6572 --- [restartedMain] c.b.e.EmployeePayrollAppApplication      : No active profile set, falling back to 1 default profile: "default"
2024-01-30T12:30:43.428+05:30  WARN 6572 --- [restartedMain] c.zaxxer.hikari.util.DriverDataSource    : Registered driver with driverClassName=com.mysql.jdbc.Driver was not found, trying direct instantiation.
2024-01-30T12:30:45.834+05:30  WARN 6572 --- [restartedMain] JpaBaseConfiguration$JpaWebConfiguration : spring.jpa.open-in-view is enabled by default. Therefore, database queries may be performed during view rendering. Explicitly configure spring.jpa.open-in-view to disable this warning
2024-01-30T12:30:46.512+05:30  INFO 6572 --- [restartedMain] c.b.e.EmployeePayrollAppApplication      : Started EmployeePayrollAppApplication in 6.976 seconds (process running for 8.433)
2024-01-30T12:30:46.519+05:30  INFO 6572 --- [restartedMain] c.b.e.EmployeePayrollAppApplication      : Employee Payroll App started
2024-01-30T13:20:17.167+05:30  INFO 16444 --- [restartedMain] c.b.e.EmployeePayrollAppApplication      : Starting EmployeePayrollAppApplication using Java 17.0.9 with PID 16444 (C:\Users\Admin\IdeaProjects\EmployeePayrollApp\target\classes started by Admin in C:\Users\Admin\IdeaProjects\EmployeePayrollApp)
2024-01-30T13:20:17.170+05:30 DEBUG 16444 --- [restartedMain] c.b.e.EmployeePayrollAppApplication      : Running with Spring Boot v3.2.2, Spring v6.1.3
2024-01-30T13:20:17.172+05:30  INFO 16444 --- [restartedMain] c.b.e.EmployeePayrollAppApplication      : No active profile set, falling back to 1 default profile: "default"
2024-01-30T13:20:19.529+05:30  WARN 16444 --- [restartedMain] c.zaxxer.hikari.util.DriverDataSource    : Registered driver with driverClassName=com.mysql.jdbc.Driver was not found, trying direct instantiation.
2024-01-30T13:20:21.312+05:30  WARN 16444 --- [restartedMain] JpaBaseConfiguration$JpaWebConfiguration : spring.jpa.open-in-view is enabled by default. Therefore, database queries may be performed during view rendering. Explicitly configure spring.jpa.open-in-view to disable this warning
2024-01-30T13:20:21.893+05:30  INFO 16444 --- [restartedMain] c.b.e.EmployeePayrollAppApplication      : Started EmployeePayrollAppApplication in 5.48 seconds (process running for 6.618)
2024-01-30T13:20:21.900+05:30  INFO 16444 --- [restartedMain] c.b.e.EmployeePayrollAppApplication      : Employee Payroll App started
2024-01-30T13:25:48.275+05:30  INFO 16444 --- [restartedMain] c.b.e.EmployeePayrollAppApplication      : Starting EmployeePayrollAppApplication using Java 17.0.9 with PID 16444 (C:\Users\Admin\IdeaProjects\EmployeePayrollApp\target\classes started by Admin in C:\Users\Admin\IdeaProjects\EmployeePayrollApp)
2024-01-30T13:25:48.275+05:30 DEBUG 16444 --- [restartedMain] c.b.e.EmployeePayrollAppApplication      : Running with Spring Boot v3.2.2, Spring v6.1.3
2024-01-30T13:25:48.276+05:30  INFO 16444 --- [restartedMain] c.b.e.EmployeePayrollAppApplication      : No active profile set, falling back to 1 default profile: "default"
2024-01-30T13:25:48.799+05:30  WARN 16444 --- [restartedMain] ConfigServletWebServerApplicationContext : Exception encountered during context initialization - cancelling refresh attempt: org.springframework.beans.factory.BeanDefinitionStoreException: I/O failure while processing configuration class [com.bridgelabz.employeepayrollapp.Service.EmployeePayrollService]
2024-01-30T13:25:48.896+05:30 ERROR 16444 --- [restartedMain] o.s.boot.SpringApplication               : Application run failed

org.springframework.beans.factory.BeanDefinitionStoreException: I/O failure while processing configuration class [com.bridgelabz.employeepayrollapp.Service.EmployeePayrollService]
	at org.springframework.context.annotation.ConfigurationClassParser.processConfigurationClass(ConfigurationClassParser.java:251) ~[spring-context-6.1.3.jar:6.1.3]
	at org.springframework.context.annotation.ConfigurationClassParser.parse(ConfigurationClassParser.java:189) ~[spring-context-6.1.3.jar:6.1.3]
	at org.springframework.context.annotation.ConfigurationClassParser.doProcessConfigurationClass(ConfigurationClassParser.java:314) ~[spring-context-6.1.3.jar:6.1.3]
	at org.springframework.context.annotation.ConfigurationClassParser.processConfigurationClass(ConfigurationClassParser.java:246) ~[spring-context-6.1.3.jar:6.1.3]
	at org.springframework.context.annotation.ConfigurationClassParser.parse(ConfigurationClassParser.java:197) ~[spring-context-6.1.3.jar:6.1.3]
	at org.springframework.context.annotation.ConfigurationClassParser.parse(ConfigurationClassParser.java:165) ~[spring-context-6.1.3.jar:6.1.3]
	at org.springframework.context.annotation.ConfigurationClassPostProcessor.processConfigBeanDefinitions(ConfigurationClassPostProcessor.java:416) ~[spring-context-6.1.3.jar:6.1.3]
	at org.springframework.context.annotation.ConfigurationClassPostProcessor.postProcessBeanDefinitionRegistry(ConfigurationClassPostProcessor.java:289) ~[spring-context-6.1.3.jar:6.1.3]
	at org.springframework.context.support.PostProcessorRegistrationDelegate.invokeBeanDefinitionRegistryPostProcessors(PostProcessorRegistrationDelegate.java:349) ~[spring-context-6.1.3.jar:6.1.3]
	at org.springframework.context.support.PostProcessorRegistrationDelegate.invokeBeanFactoryPostProcessors(PostProcessorRegistrationDelegate.java:118) ~[spring-context-6.1.3.jar:6.1.3]
	at org.springframework.context.support.AbstractApplicationContext.invokeBeanFactoryPostProcessors(AbstractApplicationContext.java:788) ~[spring-context-6.1.3.jar:6.1.3]
	at org.springframework.context.support.AbstractApplicationContext.refresh(AbstractApplicationContext.java:606) ~[spring-context-6.1.3.jar:6.1.3]
	at org.springframework.boot.web.servlet.context.ServletWebServerApplicationContext.refresh(ServletWebServerApplicationContext.java:146) ~[spring-boot-3.2.2.jar:3.2.2]
	at org.springframework.boot.SpringApplication.refresh(SpringApplication.java:754) ~[spring-boot-3.2.2.jar:3.2.2]
	at org.springframework.boot.SpringApplication.refreshContext(SpringApplication.java:456) ~[spring-boot-3.2.2.jar:3.2.2]
	at org.springframework.boot.SpringApplication.run(SpringApplication.java:334) ~[spring-boot-3.2.2.jar:3.2.2]
	at org.springframework.boot.SpringApplication.run(SpringApplication.java:1354) ~[spring-boot-3.2.2.jar:3.2.2]
	at org.springframework.boot.SpringApplication.run(SpringApplication.java:1343) ~[spring-boot-3.2.2.jar:3.2.2]
	at com.bridgelabz.employeepayrollapp.EmployeePayrollAppApplication.main(EmployeePayrollAppApplication.java:15) ~[classes/:na]
	at java.base/jdk.internal.reflect.NativeMethodAccessorImpl.invoke0(Native Method) ~[na:na]
	at java.base/jdk.internal.reflect.NativeMethodAccessorImpl.invoke(NativeMethodAccessorImpl.java:77) ~[na:na]
	at java.base/jdk.internal.reflect.DelegatingMethodAccessorImpl.invoke(DelegatingMethodAccessorImpl.java:43) ~[na:na]
	at java.base/java.lang.reflect.Method.invoke(Method.java:568) ~[na:na]
	at org.springframework.boot.devtools.restart.RestartLauncher.run(RestartLauncher.java:50) ~[spring-boot-devtools-3.2.2.jar:3.2.2]
Caused by: java.io.FileNotFoundException: class path resource [com/bridgelabz/employeepayrollapp/Service/IEmployeePayrollService.class] cannot be opened because it does not exist
	at org.springframework.core.io.ClassPathResource.getInputStream(ClassPathResource.java:215) ~[spring-core-6.1.3.jar:6.1.3]
	at org.springframework.core.type.classreading.SimpleMetadataReader.getClassReader(SimpleMetadataReader.java:54) ~[spring-core-6.1.3.jar:6.1.3]
	at org.springframework.core.type.classreading.SimpleMetadataReader.<init>(SimpleMetadataReader.java:48) ~[spring-core-6.1.3.jar:6.1.3]
	at org.springframework.core.type.classreading.SimpleMetadataReaderFactory.getMetadataReader(SimpleMetadataReaderFactory.java:103) ~[spring-core-6.1.3.jar:6.1.3]
	at org.springframework.boot.type.classreading.ConcurrentReferenceCachingMetadataReaderFactory.createMetadataReader(ConcurrentReferenceCachingMetadataReaderFactory.java:86) ~[spring-boot-3.2.2.jar:3.2.2]
	at org.springframework.boot.type.classreading.ConcurrentReferenceCachingMetadataReaderFactory.getMetadataReader(ConcurrentReferenceCachingMetadataReaderFactory.java:73) ~[spring-boot-3.2.2.jar:3.2.2]
	at org.springframework.core.type.classreading.SimpleMetadataReaderFactory.getMetadataReader(SimpleMetadataReaderFactory.java:81) ~[spring-core-6.1.3.jar:6.1.3]
	at org.springframework.context.annotation.ConfigurationClassParser.asSourceClass(ConfigurationClassParser.java:630) ~[spring-context-6.1.3.jar:6.1.3]
	at org.springframework.context.annotation.ConfigurationClassParser$SourceClass.getInterfaces(ConfigurationClassParser.java:956) ~[spring-context-6.1.3.jar:6.1.3]
	at org.springframework.context.annotation.ConfigurationClassParser.processInterfaces(ConfigurationClassParser.java:396) ~[spring-context-6.1.3.jar:6.1.3]
	at org.springframework.context.annotation.ConfigurationClassParser.doProcessConfigurationClass(ConfigurationClassParser.java:342) ~[spring-context-6.1.3.jar:6.1.3]
	at org.springframework.context.annotation.ConfigurationClassParser.processConfigurationClass(ConfigurationClassParser.java:246) ~[spring-context-6.1.3.jar:6.1.3]
	... 23 common frames omitted

2024-01-30T13:25:53.479+05:30  INFO 16444 --- [restartedMain] c.b.e.EmployeePayrollAppApplication      : Starting EmployeePayrollAppApplication using Java 17.0.9 with PID 16444 (C:\Users\Admin\IdeaProjects\EmployeePayrollApp\target\classes started by Admin in C:\Users\Admin\IdeaProjects\EmployeePayrollApp)
2024-01-30T13:25:53.481+05:30 DEBUG 16444 --- [restartedMain] c.b.e.EmployeePayrollAppApplication      : Running with Spring Boot v3.2.2, Spring v6.1.3
2024-01-30T13:25:53.481+05:30  INFO 16444 --- [restartedMain] c.b.e.EmployeePayrollAppApplication      : No active profile set, falling back to 1 default profile: "default"
2024-01-30T13:25:54.327+05:30  WARN 16444 --- [restartedMain] c.zaxxer.hikari.util.DriverDataSource    : Registered driver with driverClassName=com.mysql.jdbc.Driver was not found, trying direct instantiation.
2024-01-30T13:25:54.467+05:30  WARN 16444 --- [restartedMain] JpaBaseConfiguration$JpaWebConfiguration : spring.jpa.open-in-view is enabled by default. Therefore, database queries may be performed during view rendering. Explicitly configure spring.jpa.open-in-view to disable this warning
2024-01-30T13:25:54.750+05:30  INFO 16444 --- [restartedMain] c.b.e.EmployeePayrollAppApplication      : Started EmployeePayrollAppApplication in 1.323 seconds (process running for 339.474)
2024-01-30T13:25:54.753+05:30  INFO 16444 --- [restartedMain] c.b.e.EmployeePayrollAppApplication      : Employee Payroll App started
2024-01-30T13:29:41.321+05:30  INFO 16444 --- [restartedMain] c.b.e.EmployeePayrollAppApplication      : Starting EmployeePayrollAppApplication using Java 17.0.9 with PID 16444 (C:\Users\Admin\IdeaProjects\EmployeePayrollApp\target\classes started by Admin in C:\Users\Admin\IdeaProjects\EmployeePayrollApp)
2024-01-30T13:29:41.322+05:30 DEBUG 16444 --- [restartedMain] c.b.e.EmployeePayrollAppApplication      : Running with Spring Boot v3.2.2, Spring v6.1.3
2024-01-30T13:29:41.323+05:30  INFO 16444 --- [restartedMain] c.b.e.EmployeePayrollAppApplication      : No active profile set, falling back to 1 default profile: "default"
2024-01-30T13:29:41.349+05:30  WARN 16444 --- [restartedMain] ConfigServletWebServerApplicationContext : Exception encountered during context initialization - cancelling refresh attempt: org.springframework.beans.factory.BeanDefinitionStoreException: I/O failure while processing configuration class [com.bridgelabz.employeepayrollapp.Service.EmployeePayrollService]
2024-01-30T13:29:41.357+05:30 ERROR 16444 --- [restartedMain] o.s.boot.SpringApplication               : Application run failed

org.springframework.beans.factory.BeanDefinitionStoreException: I/O failure while processing configuration class [com.bridgelabz.employeepayrollapp.Service.EmployeePayrollService]
	at org.springframework.context.annotation.ConfigurationClassParser.processConfigurationClass(ConfigurationClassParser.java:251) ~[spring-context-6.1.3.jar:6.1.3]
	at org.springframework.context.annotation.ConfigurationClassParser.parse(ConfigurationClassParser.java:189) ~[spring-context-6.1.3.jar:6.1.3]
	at org.springframework.context.annotation.ConfigurationClassParser.doProcessConfigurationClass(ConfigurationClassParser.java:314) ~[spring-context-6.1.3.jar:6.1.3]
	at org.springframework.context.annotation.ConfigurationClassParser.processConfigurationClass(ConfigurationClassParser.java:246) ~[spring-context-6.1.3.jar:6.1.3]
	at org.springframework.context.annotation.ConfigurationClassParser.parse(ConfigurationClassParser.java:197) ~[spring-context-6.1.3.jar:6.1.3]
	at org.springframework.context.annotation.ConfigurationClassParser.parse(ConfigurationClassParser.java:165) ~[spring-context-6.1.3.jar:6.1.3]
	at org.springframework.context.annotation.ConfigurationClassPostProcessor.processConfigBeanDefinitions(ConfigurationClassPostProcessor.java:416) ~[spring-context-6.1.3.jar:6.1.3]
	at org.springframework.context.annotation.ConfigurationClassPostProcessor.postProcessBeanDefinitionRegistry(ConfigurationClassPostProcessor.java:289) ~[spring-context-6.1.3.jar:6.1.3]
	at org.springframework.context.support.PostProcessorRegistrationDelegate.invokeBeanDefinitionRegistryPostProcessors(PostProcessorRegistrationDelegate.java:349) ~[spring-context-6.1.3.jar:6.1.3]
	at org.springframework.context.support.PostProcessorRegistrationDelegate.invokeBeanFactoryPostProcessors(PostProcessorRegistrationDelegate.java:118) ~[spring-context-6.1.3.jar:6.1.3]
	at org.springframework.context.support.AbstractApplicationContext.invokeBeanFactoryPostProcessors(AbstractApplicationContext.java:788) ~[spring-context-6.1.3.jar:6.1.3]
	at org.springframework.context.support.AbstractApplicationContext.refresh(AbstractApplicationContext.java:606) ~[spring-context-6.1.3.jar:6.1.3]
	at org.springframework.boot.web.servlet.context.ServletWebServerApplicationContext.refresh(ServletWebServerApplicationContext.java:146) ~[spring-boot-3.2.2.jar:3.2.2]
	at org.springframework.boot.SpringApplication.refresh(SpringApplication.java:754) ~[spring-boot-3.2.2.jar:3.2.2]
	at org.springframework.boot.SpringApplication.refreshContext(SpringApplication.java:456) ~[spring-boot-3.2.2.jar:3.2.2]
	at org.springframework.boot.SpringApplication.run(SpringApplication.java:334) ~[spring-boot-3.2.2.jar:3.2.2]
	at org.springframework.boot.SpringApplication.run(SpringApplication.java:1354) ~[spring-boot-3.2.2.jar:3.2.2]
	at org.springframework.boot.SpringApplication.run(SpringApplication.java:1343) ~[spring-boot-3.2.2.jar:3.2.2]
	at com.bridgelabz.employeepayrollapp.EmployeePayrollAppApplication.main(EmployeePayrollAppApplication.java:15) ~[classes/:na]
	at java.base/jdk.internal.reflect.NativeMethodAccessorImpl.invoke0(Native Method) ~[na:na]
	at java.base/jdk.internal.reflect.NativeMethodAccessorImpl.invoke(NativeMethodAccessorImpl.java:77) ~[na:na]
	at java.base/jdk.internal.reflect.DelegatingMethodAccessorImpl.invoke(DelegatingMethodAccessorImpl.java:43) ~[na:na]
	at java.base/java.lang.reflect.Method.invoke(Method.java:568) ~[na:na]
	at org.springframework.boot.devtools.restart.RestartLauncher.run(RestartLauncher.java:50) ~[spring-boot-devtools-3.2.2.jar:3.2.2]
Caused by: java.io.FileNotFoundException: class path resource [com/bridgelabz/employeepayrollapp/Service/IEmployeePayrollService.class] cannot be opened because it does not exist
	at org.springframework.core.io.ClassPathResource.getInputStream(ClassPathResource.java:215) ~[spring-core-6.1.3.jar:6.1.3]
	at org.springframework.core.type.classreading.SimpleMetadataReader.getClassReader(SimpleMetadataReader.java:54) ~[spring-core-6.1.3.jar:6.1.3]
	at org.springframework.core.type.classreading.SimpleMetadataReader.<init>(SimpleMetadataReader.java:48) ~[spring-core-6.1.3.jar:6.1.3]
	at org.springframework.core.type.classreading.SimpleMetadataReaderFactory.getMetadataReader(SimpleMetadataReaderFactory.java:103) ~[spring-core-6.1.3.jar:6.1.3]
	at org.springframework.boot.type.classreading.ConcurrentReferenceCachingMetadataReaderFactory.createMetadataReader(ConcurrentReferenceCachingMetadataReaderFactory.java:86) ~[spring-boot-3.2.2.jar:3.2.2]
	at org.springframework.boot.type.classreading.ConcurrentReferenceCachingMetadataReaderFactory.getMetadataReader(ConcurrentReferenceCachingMetadataReaderFactory.java:73) ~[spring-boot-3.2.2.jar:3.2.2]
	at org.springframework.core.type.classreading.SimpleMetadataReaderFactory.getMetadataReader(SimpleMetadataReaderFactory.java:81) ~[spring-core-6.1.3.jar:6.1.3]
	at org.springframework.context.annotation.ConfigurationClassParser.asSourceClass(ConfigurationClassParser.java:630) ~[spring-context-6.1.3.jar:6.1.3]
	at org.springframework.context.annotation.ConfigurationClassParser$SourceClass.getInterfaces(ConfigurationClassParser.java:956) ~[spring-context-6.1.3.jar:6.1.3]
	at org.springframework.context.annotation.ConfigurationClassParser.processInterfaces(ConfigurationClassParser.java:396) ~[spring-context-6.1.3.jar:6.1.3]
	at org.springframework.context.annotation.ConfigurationClassParser.doProcessConfigurationClass(ConfigurationClassParser.java:342) ~[spring-context-6.1.3.jar:6.1.3]
	at org.springframework.context.annotation.ConfigurationClassParser.processConfigurationClass(ConfigurationClassParser.java:246) ~[spring-context-6.1.3.jar:6.1.3]
	... 23 common frames omitted

2024-01-30T13:29:44.928+05:30  INFO 16444 --- [restartedMain] c.b.e.EmployeePayrollAppApplication      : Starting EmployeePayrollAppApplication using Java 17.0.9 with PID 16444 (C:\Users\Admin\IdeaProjects\EmployeePayrollApp\target\classes started by Admin in C:\Users\Admin\IdeaProjects\EmployeePayrollApp)
2024-01-30T13:29:44.929+05:30 DEBUG 16444 --- [restartedMain] c.b.e.EmployeePayrollAppApplication      : Running with Spring Boot v3.2.2, Spring v6.1.3
2024-01-30T13:29:44.929+05:30  INFO 16444 --- [restartedMain] c.b.e.EmployeePayrollAppApplication      : No active profile set, falling back to 1 default profile: "default"
2024-01-30T13:29:45.461+05:30  WARN 16444 --- [restartedMain] c.zaxxer.hikari.util.DriverDataSource    : Registered driver with driverClassName=com.mysql.jdbc.Driver was not found, trying direct instantiation.
2024-01-30T13:29:45.546+05:30  WARN 16444 --- [restartedMain] JpaBaseConfiguration$JpaWebConfiguration : spring.jpa.open-in-view is enabled by default. Therefore, database queries may be performed during view rendering. Explicitly configure spring.jpa.open-in-view to disable this warning
2024-01-30T13:29:45.794+05:30  INFO 16444 --- [restartedMain] c.b.e.EmployeePayrollAppApplication      : Started EmployeePayrollAppApplication in 0.92 seconds (process running for 570.519)
2024-01-30T13:29:45.797+05:30  INFO 16444 --- [restartedMain] c.b.e.EmployeePayrollAppApplication      : Employee Payroll App started
2024-01-30T13:29:50.442+05:30  INFO 12080 --- [restartedMain] c.b.e.EmployeePayrollAppApplication      : Starting EmployeePayrollAppApplication using Java 17.0.9 with PID 12080 (C:\Users\Admin\IdeaProjects\EmployeePayrollApp\target\classes started by Admin in C:\Users\Admin\IdeaProjects\EmployeePayrollApp)
2024-01-30T13:29:50.446+05:30 DEBUG 12080 --- [restartedMain] c.b.e.EmployeePayrollAppApplication      : Running with Spring Boot v3.2.2, Spring v6.1.3
2024-01-30T13:29:50.448+05:30  INFO 12080 --- [restartedMain] c.b.e.EmployeePayrollAppApplication      : No active profile set, falling back to 1 default profile: "default"
2024-01-30T13:29:53.277+05:30  WARN 12080 --- [restartedMain] c.zaxxer.hikari.util.DriverDataSource    : Registered driver with driverClassName=com.mysql.jdbc.Driver was not found, trying direct instantiation.
2024-01-30T13:29:55.242+05:30  WARN 12080 --- [restartedMain] JpaBaseConfiguration$JpaWebConfiguration : spring.jpa.open-in-view is enabled by default. Therefore, database queries may be performed during view rendering. Explicitly configure spring.jpa.open-in-view to disable this warning
2024-01-30T13:29:55.846+05:30  INFO 12080 --- [restartedMain] c.b.e.EmployeePayrollAppApplication      : Started EmployeePayrollAppApplication in 6.211 seconds (process running for 7.457)
2024-01-30T13:29:55.852+05:30  INFO 12080 --- [restartedMain] c.b.e.EmployeePayrollAppApplication      : Employee Payroll App started
2024-01-30T13:37:22.563+05:30  INFO 220 --- [restartedMain] c.b.e.EmployeePayrollAppApplication      : Starting EmployeePayrollAppApplication using Java 17.0.9 with PID 220 (C:\Users\Admin\IdeaProjects\EmployeePayrollApp\target\classes started by Admin in C:\Users\Admin\IdeaProjects\EmployeePayrollApp)
2024-01-30T13:37:22.567+05:30 DEBUG 220 --- [restartedMain] c.b.e.EmployeePayrollAppApplication      : Running with Spring Boot v3.2.2, Spring v6.1.3
2024-01-30T13:37:22.569+05:30  INFO 220 --- [restartedMain] c.b.e.EmployeePayrollAppApplication      : No active profile set, falling back to 1 default profile: "default"
2024-01-30T13:37:25.178+05:30  WARN 220 --- [restartedMain] c.zaxxer.hikari.util.DriverDataSource    : Registered driver with driverClassName=com.mysql.jdbc.Driver was not found, trying direct instantiation.
2024-01-30T13:37:27.039+05:30  WARN 220 --- [restartedMain] JpaBaseConfiguration$JpaWebConfiguration : spring.jpa.open-in-view is enabled by default. Therefore, database queries may be performed during view rendering. Explicitly configure spring.jpa.open-in-view to disable this warning
2024-01-30T13:37:27.662+05:30  INFO 220 --- [restartedMain] c.b.e.EmployeePayrollAppApplication      : Started EmployeePayrollAppApplication in 5.896 seconds (process running for 7.096)
2024-01-30T13:37:27.667+05:30  INFO 220 --- [restartedMain] c.b.e.EmployeePayrollAppApplication      : Employee Payroll App started
2024-01-30T13:37:52.912+05:30  INFO 220 --- [restartedMain] c.b.e.EmployeePayrollAppApplication      : Starting EmployeePayrollAppApplication using Java 17.0.9 with PID 220 (C:\Users\Admin\IdeaProjects\EmployeePayrollApp\target\classes started by Admin in C:\Users\Admin\IdeaProjects\EmployeePayrollApp)
2024-01-30T13:37:52.913+05:30 DEBUG 220 --- [restartedMain] c.b.e.EmployeePayrollAppApplication      : Running with Spring Boot v3.2.2, Spring v6.1.3
2024-01-30T13:37:52.913+05:30  INFO 220 --- [restartedMain] c.b.e.EmployeePayrollAppApplication      : No active profile set, falling back to 1 default profile: "default"
2024-01-30T13:37:53.931+05:30  WARN 220 --- [restartedMain] c.zaxxer.hikari.util.DriverDataSource    : Registered driver with driverClassName=com.mysql.jdbc.Driver was not found, trying direct instantiation.
2024-01-30T13:37:54.085+05:30  WARN 220 --- [restartedMain] JpaBaseConfiguration$JpaWebConfiguration : spring.jpa.open-in-view is enabled by default. Therefore, database queries may be performed during view rendering. Explicitly configure spring.jpa.open-in-view to disable this warning
2024-01-30T13:37:54.443+05:30  INFO 220 --- [restartedMain] c.b.e.EmployeePayrollAppApplication      : Started EmployeePayrollAppApplication in 1.6 seconds (process running for 33.877)
2024-01-30T13:37:54.449+05:30  INFO 220 --- [restartedMain] c.b.e.EmployeePayrollAppApplication      : Employee Payroll App started
2024-01-30T13:37:58.030+05:30  INFO 220 --- [restartedMain] c.b.e.EmployeePayrollAppApplication      : Starting EmployeePayrollAppApplication using Java 17.0.9 with PID 220 (C:\Users\Admin\IdeaProjects\EmployeePayrollApp\target\classes started by Admin in C:\Users\Admin\IdeaProjects\EmployeePayrollApp)
2024-01-30T13:37:58.031+05:30 DEBUG 220 --- [restartedMain] c.b.e.EmployeePayrollAppApplication      : Running with Spring Boot v3.2.2, Spring v6.1.3
2024-01-30T13:37:58.032+05:30  INFO 220 --- [restartedMain] c.b.e.EmployeePayrollAppApplication      : No active profile set, falling back to 1 default profile: "default"
2024-01-30T13:37:58.741+05:30  WARN 220 --- [restartedMain] c.zaxxer.hikari.util.DriverDataSource    : Registered driver with driverClassName=com.mysql.jdbc.Driver was not found, trying direct instantiation.
2024-01-30T13:37:58.874+05:30  WARN 220 --- [restartedMain] JpaBaseConfiguration$JpaWebConfiguration : spring.jpa.open-in-view is enabled by default. Therefore, database queries may be performed during view rendering. Explicitly configure spring.jpa.open-in-view to disable this warning
2024-01-30T13:37:59.108+05:30  INFO 220 --- [restartedMain] c.b.e.EmployeePayrollAppApplication      : Started EmployeePayrollAppApplication in 1.127 seconds (process running for 38.541)
2024-01-30T13:37:59.110+05:30  INFO 220 --- [restartedMain] c.b.e.EmployeePayrollAppApplication      : Employee Payroll App started
2024-01-30T13:41:08.874+05:30  INFO 220 --- [restartedMain] c.b.e.EmployeePayrollAppApplication      : Starting EmployeePayrollAppApplication using Java 17.0.9 with PID 220 (C:\Users\Admin\IdeaProjects\EmployeePayrollApp\target\classes started by Admin in C:\Users\Admin\IdeaProjects\EmployeePayrollApp)
2024-01-30T13:41:08.874+05:30 DEBUG 220 --- [restartedMain] c.b.e.EmployeePayrollAppApplication      : Running with Spring Boot v3.2.2, Spring v6.1.3
2024-01-30T13:41:08.875+05:30  INFO 220 --- [restartedMain] c.b.e.EmployeePayrollAppApplication      : No active profile set, falling back to 1 default profile: "default"
2024-01-30T13:41:09.826+05:30  WARN 220 --- [restartedMain] c.zaxxer.hikari.util.DriverDataSource    : Registered driver with driverClassName=com.mysql.jdbc.Driver was not found, trying direct instantiation.
2024-01-30T13:41:09.997+05:30  WARN 220 --- [restartedMain] JpaBaseConfiguration$JpaWebConfiguration : spring.jpa.open-in-view is enabled by default. Therefore, database queries may be performed during view rendering. Explicitly configure spring.jpa.open-in-view to disable this warning
2024-01-30T13:41:10.359+05:30  INFO 220 --- [restartedMain] c.b.e.EmployeePayrollAppApplication      : Started EmployeePayrollAppApplication in 1.554 seconds (process running for 229.793)
2024-01-30T13:41:10.363+05:30  INFO 220 --- [restartedMain] c.b.e.EmployeePayrollAppApplication      : Employee Payroll App started
2024-01-30T13:50:34.815+05:30  INFO 220 --- [restartedMain] c.b.e.EmployeePayrollAppApplication      : Starting EmployeePayrollAppApplication using Java 17.0.9 with PID 220 (C:\Users\Admin\IdeaProjects\EmployeePayrollApp\target\classes started by Admin in C:\Users\Admin\IdeaProjects\EmployeePayrollApp)
2024-01-30T13:50:34.816+05:30 DEBUG 220 --- [restartedMain] c.b.e.EmployeePayrollAppApplication      : Running with Spring Boot v3.2.2, Spring v6.1.3
2024-01-30T13:50:34.817+05:30  INFO 220 --- [restartedMain] c.b.e.EmployeePayrollAppApplication      : No active profile set, falling back to 1 default profile: "default"
2024-01-30T13:50:35.705+05:30  WARN 220 --- [restartedMain] c.zaxxer.hikari.util.DriverDataSource    : Registered driver with driverClassName=com.mysql.jdbc.Driver was not found, trying direct instantiation.
2024-01-30T13:50:35.870+05:30  WARN 220 --- [restartedMain] JpaBaseConfiguration$JpaWebConfiguration : spring.jpa.open-in-view is enabled by default. Therefore, database queries may be performed during view rendering. Explicitly configure spring.jpa.open-in-view to disable this warning
2024-01-30T13:50:36.228+05:30  INFO 220 --- [restartedMain] c.b.e.EmployeePayrollAppApplication      : Started EmployeePayrollAppApplication in 1.485 seconds (process running for 795.662)
2024-01-30T13:50:36.233+05:30  INFO 220 --- [restartedMain] c.b.e.EmployeePayrollAppApplication      : Employee Payroll App started
2024-01-30T13:51:04.504+05:30  INFO 220 --- [restartedMain] c.b.e.EmployeePayrollAppApplication      : Starting EmployeePayrollAppApplication using Java 17.0.9 with PID 220 (C:\Users\Admin\IdeaProjects\EmployeePayrollApp\target\classes started by Admin in C:\Users\Admin\IdeaProjects\EmployeePayrollApp)
2024-01-30T13:51:04.505+05:30 DEBUG 220 --- [restartedMain] c.b.e.EmployeePayrollAppApplication      : Running with Spring Boot v3.2.2, Spring v6.1.3
2024-01-30T13:51:04.506+05:30  INFO 220 --- [restartedMain] c.b.e.EmployeePayrollAppApplication      : No active profile set, falling back to 1 default profile: "default"
2024-01-30T13:51:05.134+05:30  WARN 220 --- [restartedMain] ConfigServletWebServerApplicationContext : Exception encountered during context initialization - cancelling refresh attempt: java.lang.NullPointerException: Cannot read field "generatedClass" because "data" is null
2024-01-30T13:51:05.215+05:30 ERROR 220 --- [restartedMain] o.s.boot.SpringApplication               : Application run failed

java.lang.NullPointerException: Cannot read field "generatedClass" because "data" is null
	at org.springframework.cglib.proxy.Enhancer.nextInstance(Enhancer.java:783) ~[spring-core-6.1.3.jar:6.1.3]
	at org.springframework.cglib.core.AbstractClassGenerator.create(AbstractClassGenerator.java:321) ~[spring-core-6.1.3.jar:6.1.3]
	at org.springframework.cglib.proxy.Enhancer.createHelper(Enhancer.java:562) ~[spring-core-6.1.3.jar:6.1.3]
	at org.springframework.cglib.proxy.Enhancer.createClass(Enhancer.java:407) ~[spring-core-6.1.3.jar:6.1.3]
	at org.springframework.context.annotation.ConfigurationClassEnhancer.createClass(ConfigurationClassEnhancer.java:138) ~[spring-context-6.1.3.jar:6.1.3]
	at org.springframework.context.annotation.ConfigurationClassEnhancer.enhance(ConfigurationClassEnhancer.java:109) ~[spring-context-6.1.3.jar:6.1.3]
	at org.springframework.context.annotation.ConfigurationClassPostProcessor.enhanceConfigurationClasses(ConfigurationClassPostProcessor.java:533) ~[spring-context-6.1.3.jar:6.1.3]
	at org.springframework.context.annotation.ConfigurationClassPostProcessor.postProcessBeanFactory(ConfigurationClassPostProcessor.java:310) ~[spring-context-6.1.3.jar:6.1.3]
	at org.springframework.context.support.PostProcessorRegistrationDelegate.invokeBeanFactoryPostProcessors(PostProcessorRegistrationDelegate.java:363) ~[spring-context-6.1.3.jar:6.1.3]
	at org.springframework.context.support.PostProcessorRegistrationDelegate.invokeBeanFactoryPostProcessors(PostProcessorRegistrationDelegate.java:153) ~[spring-context-6.1.3.jar:6.1.3]
	at org.springframework.context.support.AbstractApplicationContext.invokeBeanFactoryPostProcessors(AbstractApplicationContext.java:788) ~[spring-context-6.1.3.jar:6.1.3]
	at org.springframework.context.support.AbstractApplicationContext.refresh(AbstractApplicationContext.java:606) ~[spring-context-6.1.3.jar:6.1.3]
	at org.springframework.boot.web.servlet.context.ServletWebServerApplicationContext.refresh(ServletWebServerApplicationContext.java:146) ~[spring-boot-3.2.2.jar:3.2.2]
	at org.springframework.boot.SpringApplication.refresh(SpringApplication.java:754) ~[spring-boot-3.2.2.jar:3.2.2]
	at org.springframework.boot.SpringApplication.refreshContext(SpringApplication.java:456) ~[spring-boot-3.2.2.jar:3.2.2]
	at org.springframework.boot.SpringApplication.run(SpringApplication.java:334) ~[spring-boot-3.2.2.jar:3.2.2]
	at org.springframework.boot.SpringApplication.run(SpringApplication.java:1354) ~[spring-boot-3.2.2.jar:3.2.2]
	at org.springframework.boot.SpringApplication.run(SpringApplication.java:1343) ~[spring-boot-3.2.2.jar:3.2.2]
	at com.bridgelabz.employeepayrollapp.EmployeePayrollAppApplication.main(EmployeePayrollAppApplication.java:15) ~[classes/:na]
	at java.base/jdk.internal.reflect.NativeMethodAccessorImpl.invoke0(Native Method) ~[na:na]
	at java.base/jdk.internal.reflect.NativeMethodAccessorImpl.invoke(NativeMethodAccessorImpl.java:77) ~[na:na]
	at java.base/jdk.internal.reflect.DelegatingMethodAccessorImpl.invoke(DelegatingMethodAccessorImpl.java:43) ~[na:na]
	at java.base/java.lang.reflect.Method.invoke(Method.java:568) ~[na:na]
	at org.springframework.boot.devtools.restart.RestartLauncher.run(RestartLauncher.java:50) ~[spring-boot-devtools-3.2.2.jar:3.2.2]

2024-01-30T13:51:07.852+05:30  INFO 220 --- [restartedMain] c.b.e.EmployeePayrollAppApplication      : Starting EmployeePayrollAppApplication using Java 17.0.9 with PID 220 (C:\Users\Admin\IdeaProjects\EmployeePayrollApp\target\classes started by Admin in C:\Users\Admin\IdeaProjects\EmployeePayrollApp)
2024-01-30T13:51:07.853+05:30 DEBUG 220 --- [restartedMain] c.b.e.EmployeePayrollAppApplication      : Running with Spring Boot v3.2.2, Spring v6.1.3
2024-01-30T13:51:07.854+05:30  INFO 220 --- [restartedMain] c.b.e.EmployeePayrollAppApplication      : No active profile set, falling back to 1 default profile: "default"
2024-01-30T13:51:08.635+05:30  WARN 220 --- [restartedMain] c.zaxxer.hikari.util.DriverDataSource    : Registered driver with driverClassName=com.mysql.jdbc.Driver was not found, trying direct instantiation.
2024-01-30T13:51:08.779+05:30  WARN 220 --- [restartedMain] JpaBaseConfiguration$JpaWebConfiguration : spring.jpa.open-in-view is enabled by default. Therefore, database queries may be performed during view rendering. Explicitly configure spring.jpa.open-in-view to disable this warning
2024-01-30T13:51:09.119+05:30  INFO 220 --- [restartedMain] c.b.e.EmployeePayrollAppApplication      : Started EmployeePayrollAppApplication in 1.415 seconds (process running for 828.553)
2024-01-30T13:51:09.123+05:30  INFO 220 --- [restartedMain] c.b.e.EmployeePayrollAppApplication      : Employee Payroll App started
2024-01-30T13:51:14.792+05:30  INFO 220 --- [restartedMain] c.b.e.EmployeePayrollAppApplication      : Starting EmployeePayrollAppApplication using Java 17.0.9 with PID 220 (C:\Users\Admin\IdeaProjects\EmployeePayrollApp\target\classes started by Admin in C:\Users\Admin\IdeaProjects\EmployeePayrollApp)
2024-01-30T13:51:14.793+05:30 DEBUG 220 --- [restartedMain] c.b.e.EmployeePayrollAppApplication      : Running with Spring Boot v3.2.2, Spring v6.1.3
2024-01-30T13:51:14.793+05:30  INFO 220 --- [restartedMain] c.b.e.EmployeePayrollAppApplication      : No active profile set, falling back to 1 default profile: "default"
2024-01-30T13:51:15.414+05:30  WARN 220 --- [restartedMain] ConfigServletWebServerApplicationContext : Exception encountered during context initialization - cancelling refresh attempt: java.lang.NullPointerException: Cannot read field "generatedClass" because "data" is null
2024-01-30T13:51:15.435+05:30 ERROR 220 --- [restartedMain] o.s.boot.SpringApplication               : Application run failed

java.lang.NullPointerException: Cannot read field "generatedClass" because "data" is null
	at org.springframework.cglib.proxy.Enhancer.nextInstance(Enhancer.java:783) ~[spring-core-6.1.3.jar:6.1.3]
	at org.springframework.cglib.core.AbstractClassGenerator.create(AbstractClassGenerator.java:321) ~[spring-core-6.1.3.jar:6.1.3]
	at org.springframework.cglib.proxy.Enhancer.createHelper(Enhancer.java:562) ~[spring-core-6.1.3.jar:6.1.3]
	at org.springframework.cglib.proxy.Enhancer.createClass(Enhancer.java:407) ~[spring-core-6.1.3.jar:6.1.3]
	at org.springframework.context.annotation.ConfigurationClassEnhancer.createClass(ConfigurationClassEnhancer.java:138) ~[spring-context-6.1.3.jar:6.1.3]
	at org.springframework.context.annotation.ConfigurationClassEnhancer.enhance(ConfigurationClassEnhancer.java:109) ~[spring-context-6.1.3.jar:6.1.3]
	at org.springframework.context.annotation.ConfigurationClassPostProcessor.enhanceConfigurationClasses(ConfigurationClassPostProcessor.java:533) ~[spring-context-6.1.3.jar:6.1.3]
	at org.springframework.context.annotation.ConfigurationClassPostProcessor.postProcessBeanFactory(ConfigurationClassPostProcessor.java:310) ~[spring-context-6.1.3.jar:6.1.3]
	at org.springframework.context.support.PostProcessorRegistrationDelegate.invokeBeanFactoryPostProcessors(PostProcessorRegistrationDelegate.java:363) ~[spring-context-6.1.3.jar:6.1.3]
	at org.springframework.context.support.PostProcessorRegistrationDelegate.invokeBeanFactoryPostProcessors(PostProcessorRegistrationDelegate.java:153) ~[spring-context-6.1.3.jar:6.1.3]
	at org.springframework.context.support.AbstractApplicationContext.invokeBeanFactoryPostProcessors(AbstractApplicationContext.java:788) ~[spring-context-6.1.3.jar:6.1.3]
	at org.springframework.context.support.AbstractApplicationContext.refresh(AbstractApplicationContext.java:606) ~[spring-context-6.1.3.jar:6.1.3]
	at org.springframework.boot.web.servlet.context.ServletWebServerApplicationContext.refresh(ServletWebServerApplicationContext.java:146) ~[spring-boot-3.2.2.jar:3.2.2]
	at org.springframework.boot.SpringApplication.refresh(SpringApplication.java:754) ~[spring-boot-3.2.2.jar:3.2.2]
	at org.springframework.boot.SpringApplication.refreshContext(SpringApplication.java:456) ~[spring-boot-3.2.2.jar:3.2.2]
	at org.springframework.boot.SpringApplication.run(SpringApplication.java:334) ~[spring-boot-3.2.2.jar:3.2.2]
	at org.springframework.boot.SpringApplication.run(SpringApplication.java:1354) ~[spring-boot-3.2.2.jar:3.2.2]
	at org.springframework.boot.SpringApplication.run(SpringApplication.java:1343) ~[spring-boot-3.2.2.jar:3.2.2]
	at com.bridgelabz.employeepayrollapp.EmployeePayrollAppApplication.main(EmployeePayrollAppApplication.java:15) ~[classes/:na]
	at java.base/jdk.internal.reflect.NativeMethodAccessorImpl.invoke0(Native Method) ~[na:na]
	at java.base/jdk.internal.reflect.NativeMethodAccessorImpl.invoke(NativeMethodAccessorImpl.java:77) ~[na:na]
	at java.base/jdk.internal.reflect.DelegatingMethodAccessorImpl.invoke(DelegatingMethodAccessorImpl.java:43) ~[na:na]
	at java.base/java.lang.reflect.Method.invoke(Method.java:568) ~[na:na]
	at org.springframework.boot.devtools.restart.RestartLauncher.run(RestartLauncher.java:50) ~[spring-boot-devtools-3.2.2.jar:3.2.2]

2024-01-30T13:52:02.142+05:30  INFO 16400 --- [restartedMain] c.b.e.EmployeePayrollAppApplication      : Starting EmployeePayrollAppApplication using Java 17.0.9 with PID 16400 (C:\Users\Admin\IdeaProjects\EmployeePayrollApp\target\classes started by Admin in C:\Users\Admin\IdeaProjects\EmployeePayrollApp)
2024-01-30T13:52:02.146+05:30 DEBUG 16400 --- [restartedMain] c.b.e.EmployeePayrollAppApplication      : Running with Spring Boot v3.2.2, Spring v6.1.3
2024-01-30T13:52:02.148+05:30  INFO 16400 --- [restartedMain] c.b.e.EmployeePayrollAppApplication      : No active profile set, falling back to 1 default profile: "default"
2024-01-30T13:52:04.551+05:30  WARN 16400 --- [restartedMain] c.zaxxer.hikari.util.DriverDataSource    : Registered driver with driverClassName=com.mysql.jdbc.Driver was not found, trying direct instantiation.
2024-01-30T13:52:06.321+05:30  WARN 16400 --- [restartedMain] JpaBaseConfiguration$JpaWebConfiguration : spring.jpa.open-in-view is enabled by default. Therefore, database queries may be performed during view rendering. Explicitly configure spring.jpa.open-in-view to disable this warning
2024-01-30T13:52:06.912+05:30  INFO 16400 --- [restartedMain] c.b.e.EmployeePayrollAppApplication      : Started EmployeePayrollAppApplication in 5.527 seconds (process running for 6.744)
2024-01-30T13:52:06.919+05:30  INFO 16400 --- [restartedMain] c.b.e.EmployeePayrollAppApplication      : Employee Payroll App Started in COMMON Environment
2024-01-30T13:52:33.587+05:30  INFO 16916 --- [restartedMain] c.b.e.EmployeePayrollAppApplication      : Starting EmployeePayrollAppApplication using Java 17.0.9 with PID 16916 (C:\Users\Admin\IdeaProjects\EmployeePayrollApp\target\classes started by Admin in C:\Users\Admin\IdeaProjects\EmployeePayrollApp)
2024-01-30T13:52:33.591+05:30 DEBUG 16916 --- [restartedMain] c.b.e.EmployeePayrollAppApplication      : Running with Spring Boot v3.2.2, Spring v6.1.3
2024-01-30T13:52:33.593+05:30  INFO 16916 --- [restartedMain] c.b.e.EmployeePayrollAppApplication      : No active profile set, falling back to 1 default profile: "default"
2024-01-30T13:52:36.088+05:30  WARN 16916 --- [restartedMain] c.zaxxer.hikari.util.DriverDataSource    : Registered driver with driverClassName=com.mysql.jdbc.Driver was not found, trying direct instantiation.
2024-01-30T13:52:37.858+05:30  WARN 16916 --- [restartedMain] JpaBaseConfiguration$JpaWebConfiguration : spring.jpa.open-in-view is enabled by default. Therefore, database queries may be performed during view rendering. Explicitly configure spring.jpa.open-in-view to disable this warning
2024-01-30T13:52:38.461+05:30  INFO 16916 --- [restartedMain] c.b.e.EmployeePayrollAppApplication      : Started EmployeePayrollAppApplication in 5.737 seconds (process running for 6.838)
2024-01-30T13:52:38.466+05:30  INFO 16916 --- [restartedMain] c.b.e.EmployeePayrollAppApplication      : Employee Payroll App Started in UNCOMMON Environment
2024-01-30 14:13:013 [INFO] [restartedMain] [c.b.e.EmployeePayrollAppApplication:50] Starting EmployeePayrollAppApplication using Java 17.0.9 with PID 7720 (C:\Users\Admin\IdeaProjects\EmployeePayrollApp\target\classes started by Admin in C:\Users\Admin\IdeaProjects\EmployeePayrollApp)
2024-01-30 14:13:017 [DEBUG] [restartedMain] [c.b.e.EmployeePayrollAppApplication:51] Running with Spring Boot v3.2.2, Spring v6.1.3
2024-01-30 14:13:018 [INFO] [restartedMain] [c.b.e.EmployeePayrollAppApplication:660] The following 1 profile is active: "prod"
2024-01-30 14:17:209 [WARN] [restartedMain] [o.s.b.a.o.j.JpaBaseConfiguration$JpaWebConfiguration:232] spring.jpa.open-in-view is enabled by default. Therefore, database queries may be performed during view rendering. Explicitly configure spring.jpa.open-in-view to disable this warning
2024-01-30 14:17:824 [INFO] [restartedMain] [c.b.e.EmployeePayrollAppApplication:56] Started EmployeePayrollAppApplication in 5.621 seconds (process running for 6.73)
2024-01-30 14:17:831 [INFO] [restartedMain] [c.b.e.EmployeePayrollAppApplication:16] Employee Payroll App Started in prod Environment
2024-01-30 14:13:386 [INFO] [restartedMain] [c.b.e.EmployeePayrollAppApplication:50] Starting EmployeePayrollAppApplication using Java 17.0.9 with PID 15496 (C:\Users\Admin\IdeaProjects\EmployeePayrollApp\target\classes started by Admin in C:\Users\Admin\IdeaProjects\EmployeePayrollApp)
2024-01-30 14:13:390 [DEBUG] [restartedMain] [c.b.e.EmployeePayrollAppApplication:51] Running with Spring Boot v3.2.2, Spring v6.1.3
2024-01-30 14:13:391 [INFO] [restartedMain] [c.b.e.EmployeePayrollAppApplication:660] The following 1 profile is active: "prod"
2024-01-30 14:17:797 [WARN] [restartedMain] [o.s.b.a.o.j.JpaBaseConfiguration$JpaWebConfiguration:232] spring.jpa.open-in-view is enabled by default. Therefore, database queries may be performed during view rendering. Explicitly configure spring.jpa.open-in-view to disable this warning
2024-01-30 14:18:450 [INFO] [restartedMain] [c.b.e.EmployeePayrollAppApplication:56] Started EmployeePayrollAppApplication in 5.97 seconds (process running for 7.201)
2024-01-30 14:18:455 [INFO] [restartedMain] [c.b.e.EmployeePayrollAppApplication:16] Employee Payroll App Started in prod Environment
